--- RUN ATTEMPT 1 ---
COMMAND: docker --version
CWD: /home/akshat/Desktop/project/cyber_v1
RUNTIME: 0.00s
EXIT CODE: 127
TIMED OUT: False
--- STDOUT ---

--- STDERR ---
/bin/sh: 1: docker: not found


--- RUN ATTEMPT 1 ---
COMMAND: docker --version
CWD: /home/akshat/Desktop/project/cyber_v1
RUNTIME: 0.00s
EXIT CODE: 127
TIMED OUT: False
--- STDOUT ---

--- STDERR ---
/bin/sh: 1: docker: not found


--- RUN ATTEMPT 1 ---
COMMAND: docker --version
CWD: /home/akshat/Desktop/project/cyber_v1
RUNTIME: 0.00s
EXIT CODE: 127
TIMED OUT: False
--- STDOUT ---

--- STDERR ---
/bin/sh: 1: docker: not found


--- RUN ATTEMPT 1 ---
COMMAND: docker --version
CWD: /home/akshat/Desktop/project/cyber_v1
RUNTIME: 0.00s
EXIT CODE: 127
TIMED OUT: False
--- STDOUT ---

--- STDERR ---
/bin/sh: 1: docker: not found


--- RUN ATTEMPT 1 ---
COMMAND: docker --version
CWD: /home/akshat/Desktop/project/cyber_v1
RUNTIME: 0.00s
EXIT CODE: 127
TIMED OUT: False
--- STDOUT ---

--- STDERR ---
/bin/sh: 1: docker: not found


