--- RUN ATTEMPT 1 ---
COMMAND: pip --version
CWD: /home/akshat/Desktop/project/cyber_v1
RUNTIME: 0.88s
EXIT CODE: 0
TIMED OUT: False
--- STDOUT ---
pip 24.0 from /usr/lib/python3/dist-packages/pip (python 3.12)

--- STDERR ---


--- RUN ATTEMPT 1 ---
COMMAND: pip --version
CWD: /home/akshat/Desktop/project/cyber_v1
RUNTIME: 0.24s
EXIT CODE: 0
TIMED OUT: False
--- STDOUT ---
pip 26.1.2 from /home/akshat/Desktop/project/cyber_v1/.venv/lib/python3.12/site-packages/pip (python 3.12)

--- STDERR ---


--- RUN ATTEMPT 1 ---
COMMAND: pip --version
CWD: /home/akshat/Desktop/project/cyber_v1
RUNTIME: 0.24s
EXIT CODE: 0
TIMED OUT: False
--- STDOUT ---
pip 26.1.2 from /home/akshat/Desktop/project/cyber_v1/.venv/lib/python3.12/site-packages/pip (python 3.12)

--- STDERR ---


--- RUN ATTEMPT 1 ---
COMMAND: pip --version
CWD: /home/akshat/Desktop/project/cyber_v1
RUNTIME: 0.21s
EXIT CODE: 0
TIMED OUT: False
--- STDOUT ---
pip 26.1.2 from /home/akshat/Desktop/project/cyber_v1/.venv/lib/python3.12/site-packages/pip (python 3.12)

--- STDERR ---


--- RUN ATTEMPT 1 ---
COMMAND: pip --version
CWD: /home/akshat/Desktop/project/cyber_v1
RUNTIME: 0.21s
EXIT CODE: 0
TIMED OUT: False
--- STDOUT ---
pip 26.1.2 from /home/akshat/Desktop/project/cyber_v1/.venv/lib/python3.12/site-packages/pip (python 3.12)

--- STDERR ---


