--- RUN ATTEMPT 1 ---
COMMAND: git --version
CWD: /home/akshat/Desktop/project/cyber_v1
RUNTIME: 0.01s
EXIT CODE: 0
TIMED OUT: False
--- STDOUT ---
git version 2.43.0

--- STDERR ---


--- RUN ATTEMPT 1 ---
COMMAND: git --version
CWD: /home/akshat/Desktop/project/cyber_v1
RUNTIME: 0.01s
EXIT CODE: 0
TIMED OUT: False
--- STDOUT ---
git version 2.43.0

--- STDERR ---


--- RUN ATTEMPT 1 ---
COMMAND: git --version
CWD: /home/akshat/Desktop/project/cyber_v1
RUNTIME: 0.01s
EXIT CODE: 0
TIMED OUT: False
--- STDOUT ---
git version 2.43.0

--- STDERR ---


--- RUN ATTEMPT 1 ---
COMMAND: git --version
CWD: /home/akshat/Desktop/project/cyber_v1
RUNTIME: 0.01s
EXIT CODE: 0
TIMED OUT: False
--- STDOUT ---
git version 2.43.0

--- STDERR ---


--- RUN ATTEMPT 1 ---
COMMAND: git --version
CWD: /home/akshat/Desktop/project/cyber_v1
RUNTIME: 0.00s
EXIT CODE: 0
TIMED OUT: False
--- STDOUT ---
git version 2.43.0

--- STDERR ---


