--- RUN ATTEMPT 1 ---
COMMAND: go version
CWD: /home/akshat/Desktop/project/cyber_v1
RUNTIME: 0.08s
EXIT CODE: 0
TIMED OUT: False
--- STDOUT ---
go version go1.24.5 linux/amd64

--- STDERR ---


--- RUN ATTEMPT 1 ---
COMMAND: go version
CWD: /home/akshat/Desktop/project/cyber_v1
RUNTIME: 0.02s
EXIT CODE: 0
TIMED OUT: False
--- STDOUT ---
go version go1.24.5 linux/amd64

--- STDERR ---


--- RUN ATTEMPT 1 ---
COMMAND: go version
CWD: /home/akshat/Desktop/project/cyber_v1
RUNTIME: 0.01s
EXIT CODE: 0
TIMED OUT: False
--- STDOUT ---
go version go1.24.5 linux/amd64

--- STDERR ---


--- RUN ATTEMPT 1 ---
COMMAND: go version
CWD: /home/akshat/Desktop/project/cyber_v1
RUNTIME: 0.01s
EXIT CODE: 0
TIMED OUT: False
--- STDOUT ---
go version go1.24.5 linux/amd64

--- STDERR ---


--- RUN ATTEMPT 1 ---
COMMAND: go version
CWD: /home/akshat/Desktop/project/cyber_v1
RUNTIME: 0.01s
EXIT CODE: 0
TIMED OUT: False
--- STDOUT ---
go version go1.24.5 linux/amd64

--- STDERR ---


