--- RUN ATTEMPT 1 ---
COMMAND: assetfinder --help
CWD: /home/akshat/Desktop/project/cyber_v1
RUNTIME: 0.03s
EXIT CODE: 0
TIMED OUT: False
--- STDOUT ---

--- STDERR ---
Usage of assetfinder:
  -subs-only
    	Only include subdomains of search domain


--- RUN ATTEMPT 1 ---
COMMAND: assetfinder --help
CWD: /home/akshat/Desktop/project/cyber_v1
RUNTIME: 0.03s
EXIT CODE: 0
TIMED OUT: False
--- STDOUT ---

--- STDERR ---
Usage of assetfinder:
  -subs-only
    	Only include subdomains of search domain


--- RUN ATTEMPT 1 ---
COMMAND: assetfinder --help
CWD: /home/akshat/Desktop/project/cyber_v1
RUNTIME: 0.02s
EXIT CODE: 0
TIMED OUT: False
--- STDOUT ---

--- STDERR ---
Usage of assetfinder:
  -subs-only
    	Only include subdomains of search domain


