--- RUN ATTEMPT 1 ---
COMMAND: waybackurls --help
CWD: /home/akshat/Desktop/project/cyber_v1
RUNTIME: 0.04s
EXIT CODE: 0
TIMED OUT: False
--- STDOUT ---

--- STDERR ---
Usage of waybackurls:
  -dates
    	show date of fetch in the first column
  -get-versions
    	list URLs for crawled versions of input URL(s)
  -no-subs
    	don't include subdomains of the target domain


--- RUN ATTEMPT 1 ---
COMMAND: waybackurls --help
CWD: /home/akshat/Desktop/project/cyber_v1
RUNTIME: 0.01s
EXIT CODE: 0
TIMED OUT: False
--- STDOUT ---

--- STDERR ---
Usage of waybackurls:
  -dates
    	show date of fetch in the first column
  -get-versions
    	list URLs for crawled versions of input URL(s)
  -no-subs
    	don't include subdomains of the target domain


--- RUN ATTEMPT 1 ---
COMMAND: waybackurls --help
CWD: /home/akshat/Desktop/project/cyber_v1
RUNTIME: 0.02s
EXIT CODE: 0
TIMED OUT: False
--- STDOUT ---

--- STDERR ---
Usage of waybackurls:
  -dates
    	show date of fetch in the first column
  -get-versions
    	list URLs for crawled versions of input URL(s)
  -no-subs
    	don't include subdomains of the target domain


