--- RUN ATTEMPT 1 ---
COMMAND: subzy --help
CWD: /home/akshat/Desktop/project/cyber_v1
RUNTIME: 0.05s
EXIT CODE: 0
TIMED OUT: False
--- STDOUT ---
Subdomain takeover tool

Usage:
  subzy [command]

Available Commands:
  help        Help about any command
  run         Run subzy
  version     Print subzy version

Flags:
  -h, --help   help for subzy

Use "subzy [command] --help" for more information about a command.

--- STDERR ---


--- RUN ATTEMPT 1 ---
COMMAND: subzy --help
CWD: /home/akshat/Desktop/project/cyber_v1
RUNTIME: 0.01s
EXIT CODE: 0
TIMED OUT: False
--- STDOUT ---
Subdomain takeover tool

Usage:
  subzy [command]

Available Commands:
  help        Help about any command
  run         Run subzy
  version     Print subzy version

Flags:
  -h, --help   help for subzy

Use "subzy [command] --help" for more information about a command.

--- STDERR ---


--- RUN ATTEMPT 1 ---
COMMAND: subzy --help
CWD: /home/akshat/Desktop/project/cyber_v1
RUNTIME: 0.02s
EXIT CODE: 0
TIMED OUT: False
--- STDOUT ---
Subdomain takeover tool

Usage:
  subzy [command]

Available Commands:
  help        Help about any command
  run         Run subzy
  version     Print subzy version

Flags:
  -h, --help   help for subzy

Use "subzy [command] --help" for more information about a command.

--- STDERR ---


