--- RUN ATTEMPT 1 ---
COMMAND: which httpx
CWD: /home/akshat/Desktop/project/cyber_v1
RUNTIME: 0.01s
EXIT CODE: 0
TIMED OUT: False
--- STDOUT ---
/home/akshat/go/bin/httpx

--- STDERR ---


--- RUN ATTEMPT 1 ---
COMMAND: which httpx
CWD: /home/akshat/Desktop/project/cyber_v1
RUNTIME: 0.00s
EXIT CODE: 0
TIMED OUT: False
--- STDOUT ---
/home/akshat/Desktop/project/cyber_v1/.venv/bin/httpx

--- STDERR ---


--- RUN ATTEMPT 1 ---
COMMAND: which httpx
CWD: /home/akshat/Desktop/project/cyber_v1
RUNTIME: 0.01s
EXIT CODE: 0
TIMED OUT: False
--- STDOUT ---
/home/akshat/Desktop/project/cyber_v1/.venv/bin/httpx

--- STDERR ---


