--- RUN ATTEMPT 1 ---
COMMAND: which dalfox
CWD: /home/akshat/Desktop/project/cyber_v1
RUNTIME: 0.01s
EXIT CODE: 0
TIMED OUT: False
--- STDOUT ---
/home/akshat/go/bin/dalfox

--- STDERR ---


--- RUN ATTEMPT 1 ---
COMMAND: which dalfox
CWD: /home/akshat/Desktop/project/cyber_v1
RUNTIME: 0.00s
EXIT CODE: 0
TIMED OUT: False
--- STDOUT ---
/home/akshat/go/bin/dalfox

--- STDERR ---


--- RUN ATTEMPT 1 ---
COMMAND: which dalfox
CWD: /home/akshat/Desktop/project/cyber_v1
RUNTIME: 0.02s
EXIT CODE: 0
TIMED OUT: False
--- STDOUT ---
/home/akshat/go/bin/dalfox

--- STDERR ---


