--- RUN ATTEMPT 1 ---
COMMAND: which katana
CWD: /home/akshat/Desktop/project/cyber_v1
RUNTIME: 0.01s
EXIT CODE: 0
TIMED OUT: False
--- STDOUT ---
/home/akshat/go/bin/katana

--- STDERR ---


--- RUN ATTEMPT 1 ---
COMMAND: which katana
CWD: /home/akshat/Desktop/project/cyber_v1
RUNTIME: 0.01s
EXIT CODE: 0
TIMED OUT: False
--- STDOUT ---
/home/akshat/go/bin/katana

--- STDERR ---


--- RUN ATTEMPT 1 ---
COMMAND: which katana
CWD: /home/akshat/Desktop/project/cyber_v1
RUNTIME: 0.01s
EXIT CODE: 0
TIMED OUT: False
--- STDOUT ---
/home/akshat/go/bin/katana

--- STDERR ---


