--- RUN ATTEMPT 1 ---
COMMAND: which linkfinder
CWD: /home/akshat/Desktop/project/cyber_v1
RUNTIME: 0.00s
EXIT CODE: 1
TIMED OUT: False
--- STDOUT ---

--- STDERR ---


--- RUN ATTEMPT 1 ---
COMMAND: which linkfinder
CWD: /home/akshat/Desktop/project/cyber_v1
RUNTIME: 0.01s
EXIT CODE: 1
TIMED OUT: False
--- STDOUT ---

--- STDERR ---


--- RUN ATTEMPT 1 ---
COMMAND: which linkfinder
CWD: /home/akshat/Desktop/project/cyber_v1
RUNTIME: 0.02s
EXIT CODE: 1
TIMED OUT: False
--- STDOUT ---

--- STDERR ---


